<?xml version="1.0" encoding="UTF-8"?>
<!-- Generated by org.testng.reporters.JUnitXMLReporter -->
<testsuite ignored="0" hostname="LAPTOP-HFRRK7QD" failures="0" tests="18" name="Testing with Edge" time="567.863" errors="0" timestamp="2024-10-24T19:02:51 CDT">
  <testcase classname="Airline_Project.AirlineProject2.Test_1" name="newUserRegistration" time="11.154"/>
  <testcase classname="Airline_Project.AirlineProject2.Test_2" name="login" time="3.556"/>
  <testcase classname="Airline_Project.AirlineProject2.Test_3" name="incorrectlogin" time="1.047"/>
  <testcase classname="Airline_Project.AirlineProject2.Test_4" name="login" time="6.125"/>
  <testcase classname="Airline_Project.AirlineProject2.Test_5" name="login" time="23.754"/>
  <testcase classname="Airline_Project.AirlineProject2.Test_6" name="login" time="10.72">
    <skipped/>
  </testcase> <!-- login -->
  <testcase classname="Airline_Project.AirlineProject2.Test_6" name="login" time="23.57"/>
  <testcase classname="Airline_Project.AirlineProject2.Test_7" name="login" time="10.137"/>
  <testcase classname="Airline_Project.AirlineProject2.Test_8" name="login" time="22.763"/>
  <testcase classname="Airline_Project.AirlineProject2.Test_9" name="login" time="39.079"/>
  <testcase classname="Airline_Project.AirlineProject2.Test10" name="login" time="17.808"/>
  <testcase classname="Airline_Project.AirlineProject2.Test11" name="login" time="10.998">
    <skipped/>
  </testcase> <!-- login -->
  <testcase classname="Airline_Project.AirlineProject2.Test11" name="login" time="14.737"/>
  <testcase classname="Airline_Project.AirlineProject2.Test12" name="login" time="7.242"/>
  <testcase classname="Airline_Project.AirlineProject2.Test13" name="login" time="16.544"/>
  <testcase classname="Airline_Project.AirlineProject2.Test14" name="login" time="29.319"/>
  <testcase classname="Airline_Project.AirlineProject2.Test15" name="login" time="38.408">
    <skipped/>
  </testcase> <!-- login -->
  <testcase classname="Airline_Project.AirlineProject2.Test15" name="login" time="44.664"/>
</testsuite> <!-- Testing with Edge -->
