<?xml version="1.0" encoding="UTF-8"?>
<!-- Generated by org.testng.reporters.JUnitXMLReporter -->
<testsuite ignored="0" hostname="LAPTOP-HFRRK7QD" failures="0" tests="17" name="Testing with Chrome" time="441.934" errors="0" timestamp="2024-10-24T18:53:23 CDT">
  <testcase classname="Airline_Project.AirlineProject2.Test_1" name="newUserRegistration" time="11.983"/>
  <testcase classname="Airline_Project.AirlineProject2.Test_2" name="login" time="3.432"/>
  <testcase classname="Airline_Project.AirlineProject2.Test_3" name="incorrectlogin" time="0.995"/>
  <testcase classname="Airline_Project.AirlineProject2.Test_4" name="login" time="5.448"/>
  <testcase classname="Airline_Project.AirlineProject2.Test_5" name="login" time="12.573"/>
  <testcase classname="Airline_Project.AirlineProject2.Test_6" name="login" time="16.391"/>
  <testcase classname="Airline_Project.AirlineProject2.Test_7" name="login" time="8.479">
    <skipped/>
  </testcase> <!-- login -->
  <testcase classname="Airline_Project.AirlineProject2.Test_7" name="login" time="7.964"/>
  <testcase classname="Airline_Project.AirlineProject2.Test_8" name="login" time="29.589"/>
  <testcase classname="Airline_Project.AirlineProject2.Test_9" name="login" time="25.262"/>
  <testcase classname="Airline_Project.AirlineProject2.Test10" name="login" time="8.038"/>
  <testcase classname="Airline_Project.AirlineProject2.Test11" name="login" time="12.701"/>
  <testcase classname="Airline_Project.AirlineProject2.Test12" name="login" time="9.205"/>
  <testcase classname="Airline_Project.AirlineProject2.Test13" name="login" time="8.345"/>
  <testcase classname="Airline_Project.AirlineProject2.Test14" name="login" time="21.239"/>
  <testcase classname="Airline_Project.AirlineProject2.Test15" name="login" time="43.963">
    <skipped/>
  </testcase> <!-- login -->
  <testcase classname="Airline_Project.AirlineProject2.Test15" name="login" time="38.253"/>
</testsuite> <!-- Testing with Chrome -->
