<?xml version="1.0" encoding="UTF-8"?>
<!-- Generated by org.testng.reporters.JUnitXMLReporter -->
<testsuite ignored="0" hostname="LAPTOP-HFRRK7QD" failures="0" tests="2" name="Testing on Chrome" time="102.23" errors="0" timestamp="2024-10-24T12:00:50 CDT">
  <testcase classname="Amazon_Project.Final.Test10" name="CartQuantityandDeletion" time="43.232">
    <skipped/>
  </testcase> <!-- CartQuantityandDeletion -->
  <testcase classname="Amazon_Project.Final.Test10" name="CartQuantityandDeletion" time="39.188"/>
</testsuite> <!-- Testing on Chrome -->
